03-20-2018 13:55:22.986,-,AT," ,0013A200415D1DE0,ZIGBEE TH Reg,,COM6 - 9600/8/N/1/N,0"

03-20-2018 13:55:23.764,3423,RECV,54656D7065726174757261203D2032352E39303B0D0A50726573696F
03-20-2018 13:55:23.823,3424,RECV,6E203D20373733363550610D0A416C74757261203D20
03-20-2018 13:55:23.933,3425,RECV,323231382E3036206D6574726F730D0A4163656C65726163696F6E3A202058613D202D302E303920202059613D202D302E30322020205A613D202D312E
03-20-2018 13:55:23.984,3426,RECV,30320D0A4F7269656E746163696F6E3A2020783A202D302E30352020793A202D302E313520207A3A20302E36350D
03-20-2018 13:55:24.034,3427,RECV,0A0D0A
03-20-2018 13:55:24.864,3428,RECV,54656D7065726174
03-20-2018 13:55:24.924,3429,RECV,757261203D2032352E39303B0D0A50726573696F6E203D20373733363850610D0A416C74757261203D20
03-20-2018 13:55:25.024,3430,RECV,323231382E3237206D6574726F730D0A4163656C65726163696F6E3A202058613D202D302E30
03-20-2018 13:55:25.074,3431,RECV,3720202059613D202D302E30322020205A613D202D312E30310D0A4F7269656E746163696F6E3A2020783A202D30
03-20-2018 13:55:25.124,3432,RECV,2E30352020793A202D302E313520207A3A20302E36360D0A0D0A
03-20-2018 13:55:25.987,3433,RECV,54656D706572
03-20-2018 13:55:26.047,3434,RECV,6174757261203D2032352E39303B0D0A50726573696F6E203D20373733363850610D0A416C74757261203D20
03-20-2018 13:55:26.158,3435,RECV,323231372E3434206D6574726F730D0A4163656C65726163696F6E3A202058613D202D302E3037
03-20-2018 13:55:26.208,3436,RECV,20202059613D202D302E30332020205A613D202D312E30310D0A4F7269656E746163696F6E3A2020783A202D302E
03-20-2018 13:55:26.258,3437,RECV,30352020793A202D302E313520207A3A20302E36360D0A0D0A
03-20-2018 13:55:27.119,3438,RECV,54656D7065726174757261203D2032352E39
03-20-2018 13:55:27.179,3439,RECV,303B0D0A50726573696F6E203D20373733373150610D0A416C74757261203D20
03-20-2018 13:55:27.229,3440,RECV,3232
03-20-2018 13:55:27.289,3441,RECV,31382E3438206D6574726F730D0A4163656C65726163696F6E3A202058613D202D302E303720202059613D202D302E30322020205A613D202D312E3031
03-20-2018 13:55:27.339,3442,RECV,0D0A4F7269656E746163696F6E3A2020783A202D302E30352020793A202D302E313520207A3A20302E36360D0A0D
03-20-2018 13:55:27.399,3443,RECV,0A
03-20-2018 13:55:28.237,3444,RECV,54656D7065726174757261203D2032
03-20-2018 13:55:28.287,3445,RECV,352E39303B0D0A50726573696F6E203D20373733363850610D0A416C74757261203D20
03-20-2018 13:55:28.407,3446,RECV,323231382E3237206D6574726F730D0A4163656C65726163696F6E3A202058613D202D302E303720202059613D202D302E30332020205A613D20
03-20-2018 13:55:28.457,3447,RECV,2D312E30310D0A4F7269656E746163696F6E3A2020783A202D302E30352020793A202D302E313520207A3A20302E
03-20-2018 13:55:28.507,3448,RECV,36350D0A0D0A
03-20-2018 13:55:29.358,3449,RECV,54656D706572617475726120
03-20-2018 13:55:29.408,3450,RECV,3D2032352E39303B0D0A50726573696F6E203D20373733373250610D0A416C74757261203D20
03-20-2018 13:55:29.528,3451,RECV,323231372E3535206D6574726F730D0A4163656C65726163696F6E3A202058613D202D302E303720202059613D202D302E30322020205A61
03-20-2018 13:55:29.579,3452,RECV,3D202D312E30320D0A4F7269656E746163696F6E3A2020783A202D302E30352020793A202D302E313620207A3A20
03-20-2018 13:55:29.638,3453,RECV,302E36360D0A0D0A
03-20-2018 13:55:30.511,3454,RECV,54656D7065726174757261203D2032352E39303B0D0A50726573696F6E203D20373733373150
03-20-2018 13:55:30.561,3455,RECV,610D0A416C74757261203D20
03-20-2018 13:55:30.621,3456,RECV,323231382E3036206D6574726F730D0A4163656C65
03-20-2018 13:55:30.681,3457,RECV,726163696F6E3A202058613D202D302E303720202059613D202D302E30342020205A613D202D312E30310D0A4F7269656E746163696F6E3A2020783A202D
03-20-2018 13:55:30.731,3458,RECV,302E30352020793A202D302E313520207A3A20302E36350D0A0D0A
03-20-2018 13:55:31.612,3459,RECV,54656D7065726174757261203D2032352E3930
03-20-2018 13:55:31.672,3460,RECV,3B0D0A50726573696F6E203D20373733373350610D0A416C74757261203D20
03-20-2018 13:55:31.722,3461,RECV,323231
03-20-2018 13:55:31.782,3462,RECV,382E3337206D6574726F730D0A4163656C65726163696F6E3A202058613D202D302E303720202059613D202D302E30332020205A613D202D312E30300D0A
03-20-2018 13:55:31.832,3463,RECV,4F7269656E746163696F6E3A2020783A202D302E30352020793A202D302E313520207A3A20302E36350D0A0D0A
03-20-2018 13:55:32.723,3464,RECV,54656D7065726174757261203D2032352E
03-20-2018 13:55:32.773,3465,RECV,39303B0D0A50726573696F6E203D20373733373050610D0A416C74757261203D20
03-20-2018 13:55:32.893,3466,RECV,323231382E3036206D6574726F730D0A4163656C65726163696F6E3A202058613D202D302E303620202059613D202D
03-20-2018 13:55:32.943,3467,RECV,302E30332020205A613D202D312E30320D0A4F7269656E746163696F6E3A2020783A202D302E30352020793A202D
03-20-2018 13:55:33.003,3468,RECV,302E313520207A3A20302E36350D0A0D0A
03-20-2018 13:55:33.876,3469,RECV,54656D7065726174757261203D2032352E39303B0D0A50726573696F6E203D20373733373050610D0A416C74
03-20-2018 13:55:33.926,3470,RECV,757261203D20
03-20-2018 13:55:33.986,3471,RECV,323231372E3836206D6574726F730D0A4163656C65726163696F6E3A
03-20-2018 13:55:34.046,3472,RECV,202058613D202D302E303720202059613D202D302E30322020205A613D202D312E30320D0A4F7269656E74616369
03-20-2018 13:55:34.096,3473,RECV,6F6E3A2020783A202D302E30352020793A202D302E313520207A3A20302E36360D0A0D0A
03-20-2018 13:55:34.996,3474,RECV,54656D7065726174757261203D2032352E39303B0D0A50726573696F6E203D2037373337
03-20-2018 13:55:35.046,3475,RECV,3050610D0A416C74757261203D20
03-20-2018 13:55:35.106,3476,RECV,323231382E3237206D6574726F730D0A4163656C65726163696F
03-20-2018 13:55:35.166,3477,RECV,6E3A202058613D202D302E303720202059613D202D302E30322020205A613D202D312E30310D0A4F7269656E7461
03-20-2018 13:55:35.216,3478,RECV,63696F6E3A2020783A202D302E30352020793A202D302E313520207A3A20302E36350D0A0D0A
03-20-2018 13:55:36.100,3479,RECV,54656D7065726174757261203D2032352E39303B0D0A50
03-20-2018 13:55:36.150,3480,RECV,726573696F6E203D20373733373050610D0A416C74757261203D20
03-20-2018 13:55:36.210,3481,RECV,3232
03-20-2018 13:55:36.260,3482,RECV,31382E3337206D6574726F730D0A4163656C65726163696F6E3A202058613D202D302E303720202059613D202D30
03-20-2018 13:55:36.320,3483,RECV,2E30332020205A613D202D312E30310D0A4F7269656E746163696F6E3A2020783A202D302E30352020793A202D302E313520207A3A20302E36360D0A0D0A
03-20-2018 13:55:37.248,3484,RECV,54656D7065726174757261203D2032352E39303B0D0A5072
03-20-2018 13:55:37.308,3485,RECV,6573696F6E203D20373733363750610D0A416C74757261203D20
03-20-2018 13:55:37.418,3486,RECV,323231372E3434206D6574726F730D0A4163656C65726163696F6E3A202058613D20
03-20-2018 13:55:37.418,3487,RECV,2D302E303720202059613D202D302E30322020205A613D202D312E30310D0A4F7269656E746163696F6E3A2020783A
03-20-2018 13:55:37.468,3488,RECV,202D302E30352020793A202D302E313520207A3A20302E36360D0A0D0A
03-20-2018 13:55:38.356,3489,RECV,54656D7065726174757261203D2032352E39303B0D0A50726573696F6E203D
03-20-2018 13:55:38.416,3490,RECV,20373733373550610D0A416C74757261203D20
03-20-2018 13:55:38.466,3491,RECV,323231382E3237206D
03-20-2018 13:55:38.526,3492,RECV,6574726F730D0A4163656C65726163696F6E3A202058613D202D302E303720202059613D202D302E30322020205A613D202D312E30310D0A4F7269656E
03-20-2018 13:55:38.576,3493,RECV,746163696F6E3A2020783A202D302E30352020793A202D302E313520207A3A20302E36350D0A0D0A
03-20-2018 13:55:39.487,3494,RECV,54656D7065726174757261203D2032352E39
03-20-2018 13:55:39.537,3495,RECV,303B0D0A50726573696F6E203D20373733363950610D0A416C74757261203D20
03-20-2018 13:55:39.597,3496,RECV,323231372E3836206D6574726F
03-20-2018 13:55:39.657,3497,RECV,730D0A4163656C65726163696F6E3A202058613D202D302E303720202059613D202D302E30322020205A613D202D312E30320D0A4F7269656E74616369
03-20-2018 13:55:39.707,3498,RECV,6F6E3A2020783A202D302E30352020793A202D302E313520207A3A20302E36350D0A0D0A
03-20-2018 13:55:40.608,3499,RECV,54656D7065726174757261203D2032352E39303B0D0A50726573696F6E203D203737333639
03-20-2018 13:55:40.667,3500,RECV,50610D0A416C74757261203D20
03-20-2018 13:55:40.717,3501,RECV,323231382E3137206D6574726F730D0A
03-20-2018 13:55:40.767,3502,RECV,4163656C65726163696F6E3A202058613D202D302E303720202059613D202D302E30332020205A613D202D312E30
03-20-2018 13:55:40.817,3503,RECV,310D0A4F7269656E746163696F6E3A2020783A202D302E30352020793A202D302E313520207A3A20302E36350D0A
03-20-2018 13:55:40.868,3504,RECV,0D0A
03-20-2018 13:55:41.711,3505,RECV,54656D7065726174757261203D2032352E39303B0D0A
03-20-2018 13:55:41.761,3506,RECV,50726573696F6E203D20373733373150610D0A416C74757261203D20
03-20-2018 13:55:41.841,3507,RECV,323231382E37
03-20-2018 13:55:41.871,3508,RECV,39206D6574726F730D0A4163656C65726163696F6E3A202058613D202D302E303720202059613D202D302E303320
03-20-2018 13:55:41.931,3509,RECV,20205A613D202D312E30310D0A4F7269656E746163696F6E3A2020783A202D302E30352020793A202D302E313520
03-20-2018 13:55:41.981,3510,RECV,207A3A20302E36350D0A0D0A
03-20-2018 13:55:42.859,3511,RECV,54656D7065726174757261203D2032352E39303B0D0A50726573696F6E203D20373733363850610D0A416C74757261203D20
03-20-2018 13:55:42.960,3512,RECV,323231372E3735206D6574726F730D0A
03-20-2018 13:55:43.010,3513,RECV,4163656C65726163696F6E3A202058613D202D302E303720202059613D202D302E30332020205A613D202D312E30
03-20-2018 13:55:43.060,3514,RECV,310D0A4F7269656E746163696F6E3A2020783A202D302E30352020793A202D302E313520207A3A20302E36350D0A
03-20-2018 13:55:43.110,3515,RECV,0D0A
03-20-2018 13:55:43.958,3516,RECV,54656D7065726174757261203D203235
03-20-2018 13:55:44.008,3517,RECV,2E39303B0D0A50726573696F6E203D20373733373350610D0A416C74757261203D20
03-20-2018 13:55:44.118,3518,RECV,323231382E3036206D6574726F730D0A4163656C65726163696F6E3A202058613D202D302E303620202059613D20
03-20-2018 13:55:44.168,3519,RECV,2D302E30332020205A613D202D312E30310D0A4F7269656E746163696F6E3A2020783A202D302E30352020793A20
03-20-2018 13:55:44.228,3520,RECV,2D302E313520207A3A20302E36350D0A0D0A
03-20-2018 13:55:45.068,3521,RECV,54656D706572617475726120
03-20-2018 13:55:45.123,3522,RECV,3D2032352E39303B0D0A50726573696F6E203D20373733363550610D0A416C74757261203D20
03-20-2018 13:55:45.223,3523,RECV,323231382E3237206D6574726F730D0A4163656C65726163696F6E
03-20-2018 13:55:45.273,3524,RECV,3A202058613D202D302E303720202059613D202D302E30322020205A613D202D312E30310D0A4F7269656E74616369
03-20-2018 13:55:45.333,3525,RECV,6F6E3A2020783A202D302E30352020793A202D302E313520207A3A20302E36350D0A0D0A
03-20-2018 13:55:46.193,3526,RECV,54656D70657261747572
03-20-2018 13:55:46.243,3527,RECV,61203D2032352E39303B0D0A50726573696F6E203D20373733363950610D0A416C74757261203D20
03-20-2018 13:55:46.353,3528,RECV,323231382E3337206D6574726F730D0A4163656C65726163696F6E3A202058613D202D302E303720
03-20-2018 13:55:46.403,3529,RECV,202059613D202D302E30322020205A613D202D312E30310D0A4F7269656E746163696F6E3A2020783A202D302E30
03-20-2018 13:55:46.463,3530,RECV,352020793A202D302E313520207A3A20302E36360D0A0D0A
03-20-2018 13:55:47.334,3531,RECV,54656D7065726174757261203D2032352E39303B0D
03-20-2018 13:55:47.384,3532,RECV,0A50726573696F6E203D20373733363650610D0A416C74757261203D20
03-20-2018 13:55:47.444,3533,RECV,32323137
03-20-2018 13:55:47.504,3534,RECV,2E3836206D6574726F730D0A4163656C65726163696F6E3A202058613D202D302E303720202059613D202D302E30322020205A613D202D312E30300D0A
03-20-2018 13:55:47.554,3535,RECV,4F7269656E746163696F6E3A2020783A202D302E30352020793A202D302E313520207A3A20302E36360D0A0D0A
03-20-2018 13:55:48.444,3536,RECV,54656D7065726174757261203D2032352E3930
03-20-2018 13:55:48.494,3537,RECV,3B0D0A50726573696F6E203D20373733373150610D0A416C74757261203D20
03-20-2018 13:55:48.614,3538,RECV,323231372E3133206D6574726F730D0A4163656C65726163696F6E3A202058613D202D302E303620202059613D20
03-20-2018 13:55:48.664,3539,RECV,2D302E30332020205A613D202D312E30320D0A4F7269656E746163696F6E3A2020783A202D302E30352020793A202D302E313520207A3A20302E36350D0A
03-20-2018 13:55:48.724,3540,RECV,0D0A
03-20-2018 13:55:49.603,3541,RECV,54656D7065726174757261203D2032352E39303B0D0A50726573696F6E203D20373733363850610D0A416C
03-20-2018 13:55:49.663,3542,RECV,74757261203D20
03-20-2018 13:55:49.713,3543,RECV,323231372E3334206D6574726F730D0A4163656C65726163696F6E3A2020
03-20-2018 13:55:49.773,3544,RECV,58613D202D302E303720202059613D202D302E30322020205A613D202D312E30300D0A4F7269656E746163696F6E3A2020783A202D302E30352020793A
03-20-2018 13:55:49.823,3545,RECV,202D302E313520207A3A20302E36350D0A0D0A
03-20-2018 13:55:50.693,3546,RECV,54656D7065726174757261203D
03-20-2018 13:55:50.753,3547,RECV,2032352E39303B0D0A50726573696F6E203D20373733373250610D0A416C74757261203D20
03-20-2018 13:55:50.863,3548,RECV,323231382E3036206D6574726F730D0A4163656C65726163696F6E3A202058613D202D302E303720202059613D202D302E3032202020
03-20-2018 13:55:50.914,3549,RECV,5A613D202D312E30310D0A4F7269656E746163696F6E3A2020783A202D302E30352020793A202D302E313520207A
03-20-2018 13:55:50.974,3550,RECV,3A20302E36350D0A0D0A
03-20-2018 13:55:51.844,3551,RECV,54656D7065726174757261203D20
03-20-2018 13:55:51.904,3552,RECV,32352E39303B0D0A50726573696F6E203D20373733373450610D0A416C74757261203D20
03-20-2018 13:55:51.959,3553,RECV,323231382E3137206D6574726F730D0A4163656C65726163696F6E3A202058613D202D302E30
03-20-2018 13:55:52.019,3554,RECV,3720202059613D202D302E30322020205A613D202D312E30310D0A4F7269656E746163696F6E3A2020783A202D30
03-20-2018 13:55:52.069,3555,RECV,2E30352020793A202D302E313520207A3A20302E36360D0A0D0A
03-20-2018 13:55:52.927,3556,RECV,54656D7065
03-20-2018 13:55:52.977,3557,RECV,726174757261203D2032352E39303B0D0A50726573696F6E203D20373733363750610D0A416C74757261203D20
03-20-2018 13:55:53.087,3558,RECV,323231382E3438206D6574726F730D0A4163656C65726163696F6E3A
03-20-2018 13:55:53.137,3559,RECV,202058613D202D302E303720202059613D202D302E30322020205A613D202D312E30310D0A4F7269656E74616369
03-20-2018 13:55:53.197,3560,RECV,6F6E3A2020783A202D302E30352020793A202D302E313520207A3A20302E36360D0A0D0A
03-20-2018 13:55:54.088,3561,RECV,54656D7065726174757261203D2032352E39303B0D0A
03-20-2018 13:55:54.138,3562,RECV,50726573696F6E203D20373733363550610D0A416C74757261203D20
03-20-2018 13:55:54.188,3563,RECV,323231382E3337206D6574726F730D0A
03-20-2018 13:55:54.248,3564,RECV,4163656C65726163696F6E3A202058613D202D302E303720202059613D202D302E30332020205A613D202D312E30300D0A4F7269656E746163696F6E3A20
03-20-2018 13:55:54.298,3565,RECV,20783A202D302E30352020793A202D302E313620207A3A20302E36350D0A0D0A
03-20-2018 13:55:55.199,3566,RECV,54656D7065726174757261203D2032352E39303B0D0A50726573696F6E20
03-20-2018 13:55:55.249,3567,RECV,3D20373733373150610D0A416C74757261203D20
03-20-2018 13:55:55.309,3568,RECV,323231
03-20-2018 13:55:55.359,3569,RECV,382E3036206D6574726F730D0A4163656C65726163696F6E3A202058613D202D302E303720202059613D202D302E
03-20-2018 13:55:55.409,3570,RECV,30332020205A613D202D312E30310D0A4F7269656E746163696F6E3A2020783A202D302E30352020793A202D302E
03-20-2018 13:55:55.459,3571,RECV,313620207A3A20302E36350D0A0D0A
03-20-2018 13:55:56.299,3572,RECV,54656D70657261747572
03-20-2018 13:55:56.359,3573,RECV,61203D2032352E39303B0D0A50726573696F6E203D20373733363350610D0A416C74757261203D20
03-20-2018 13:55:56.469,3574,RECV,323231372E3936206D6574726F730D0A4163656C65726163696F6E3A202058613D202D302E303620202059613D202D302E30322020205A
03-20-2018 13:55:56.519,3575,RECV,613D202D312E30320D0A4F7269656E746163696F6E3A2020783A202D302E30352020793A202D302E313520207A3A
03-20-2018 13:55:56.579,3576,RECV,20302E36360D0A0D0A
03-20-2018 13:55:57.420,3577,RECV,54656D706572617475
03-20-2018 13:55:57.480,3578,RECV,7261203D2032352E39303B0D0A50726573696F6E203D20373733363950610D0A416C74757261203D20
03-20-2018 13:55:57.600,3579,RECV,323231372E3535206D6574726F730D0A4163656C65726163696F6E3A202058613D202D302E3036
03-20-2018 13:55:57.660,3580,RECV,20202059613D202D302E30332020205A613D202D312E30310D0A4F7269656E746163696F6E3A2020783A202D302E30352020793A202D302E313520207A3A
03-20-2018 13:55:57.710,3581,RECV,20302E36350D0A0D0A
03-20-2018 13:55:58.550,3582,RECV,54656D7065726174757261203D2032352E39303B
03-20-2018 13:55:58.610,3583,RECV,0D0A50726573696F6E203D20373733373150610D0A416C74757261203D20
03-20-2018 13:55:58.660,3584,RECV,323231
03-20-2018 13:55:58.720,3585,RECV,372E3836206D6574726F730D0A4163656C65726163696F6E3A202058613D202D302E303720202059613D202D302E
03-20-2018 13:55:58.770,3586,RECV,30332020205A613D202D312E30300D0A4F7269656E746163696F6E3A2020783A202D302E30352020793A202D302E313520207A3A20302E36360D0A0D0A
03-20-2018 13:55:59.654,3587,RECV,54
03-20-2018 13:55:59.704,3588,RECV,656D7065726174757261203D2032352E39303B0D0A50726573696F6E203D20373733363450610D0A416C74757261
03-20-2018 13:55:59.764,3589,RECV,203D20
03-20-2018 13:55:59.824,3590,RECV,323231372E3635206D6574726F730D0A4163656C65726163696F6E3A2020
03-20-2018 13:55:59.874,3591,RECV,58613D202D302E303720202059613D202D302E30322020205A613D202D312E30310D0A4F7269656E746163696F6E3A2020783A202D302E30352020793A20
03-20-2018 13:55:59.934,3592,RECV,2D302E313520207A3A20302E36360D0A0D0A
03-20-2018 13:56:00.825,3593,RECV,54656D7065726174757261203D2032352E39303B0D0A50726573696F6E203D20373733373150610D0A416C7475
03-20-2018 13:56:00.875,3594,RECV,7261203D20
03-20-2018 13:56:00.935,3595,RECV,323231362E3531206D6574726F730D0A4163656C65726163696F6E3A
03-20-2018 13:56:00.985,3596,RECV,202058613D202D302E303720202059613D202D302E30322020205A613D202D312E30310D0A4F7269656E74616369
03-20-2018 13:56:01.035,3597,RECV,6F6E3A2020783A202D302E30352020793A202D302E313520207A3A20302E36360D0A0D0A0